<?xml version="1.0" encoding="UTF-8"?>
<testsuites name="SC - Detail Employee" time="73.087" tests="2" failures="0" errors="0">
   <testsuite name="SC - Detail Employee" tests="2" failures="0" errors="0" time="73.087" skipped="0" timestamp="2023-12-14 13:56:41" hostname="luckdark - 192.168.100.55" id="Test Suites/Employee/SC - Detail Employee">
      <properties>
         <property name="deviceName" value=""/>
         <property name="devicePlatform" value=""/>
         <property name="logFolder" value="/Users/luckdark/Katalon Studio/Ilmu Kita/Reports/20231214_135556/Employee/SC - Detail Employee/20231214_135556"/>
         <property name="logFiles" value="/Users/luckdark/Katalon Studio/Ilmu Kita/Reports/20231214_135556/Employee/SC - Detail Employee/20231214_135556/execution0.log"/>
         <property name="attachments" value=""/>
         <property name="hostName" value="luckdark - 192.168.100.55"/>
         <property name="os" value="Mac OS X 64bit"/>
         <property name="katalonVersion" value="8.6.8.208"/>
         <property name="browser" value="Chrome 120.0.0.0"/>
         <property name="hostAddress" value="127.0.0.1"/>
         <property name="sessionId" value="c71d5b4d907113b4cd33230ae3374434"/>
         <property name="seleniumVersion" value="3.141.59"/>
         <property name="proxyInformation" value="ProxyInformation { proxyOption=NO_PROXY, proxyServerType=HTTP, username=, password=********, proxyServerAddress=, proxyServerPort=0, executionList=&quot;&quot;, isApplyToDesiredCapabilities=true }"/>
         <property name="platform" value="Mac OS X"/>
      </properties>
      <testcase name="Test Cases/Time/View Detail" time="67.126" classname="Test Cases/Time/View Detail" status="PASSED">
         <system-out><![CDATA[2023-12-14 13:56:41 - [TEST_CASE][PASSED] - Test Cases/Time/View Detail: Test Cases/Time/View Detail

2023-12-14 13:56:42 - [TEST_STEP][PASSED] - custom.auth.checkAuthL(): custom.auth.checkAuthL is PASSED

2023-12-14 13:56:42 - [MESSAGE][INFO] - Starting 'Chrome' driver

2023-12-14 13:56:42 - [MESSAGE][INFO] - Action delay is set to 0 milliseconds

2023-12-14 13:56:53 - [MESSAGE][PASSED] - Browser is opened with url: ''

2023-12-14 13:56:53 - [TEST_CASE][PASSED] - Test Cases/Login/Login: Test Cases/Login/Login

2023-12-14 13:56:53 - [TEST_STEP][PASSED] - navigateToUrl("https://opensource-demo.orangehrmlive.com/web/index.php/auth/login"): Navigate to 'https://opensource-demo.orangehrmlive.com/web/index.php/auth/login' successfully

2023-12-14 13:57:15 - [MESSAGE][PASSED] - Navigate to 'https://opensource-demo.orangehrmlive.com/web/index.php/auth/login' successfully

2023-12-14 13:57:16 - [TEST_STEP][PASSED] - setText(findTestObject("Object Repository/Login HRM/input_Username_username"), "Admin"): Text 'Admin' is set on object 'Object Repository/Login HRM/input_Username_username'

2023-12-14 13:57:24 - [MESSAGE][PASSED] - Text 'Admin' is set on object 'Object Repository/Login HRM/input_Username_username'

2023-12-14 13:57:24 - [TEST_STEP][PASSED] - setEncryptedText(findTestObject("Object Repository/Login HRM/input_Password_password"), "hUKwJTbofgPU9eVlw/CnDQ=="): Text ****** has been set on object 'Object Repository/Login HRM/input_Password_password'

2023-12-14 13:57:25 - [MESSAGE][PASSED] - Text ****** has been set on object 'Object Repository/Login HRM/input_Password_password'

2023-12-14 13:57:25 - [TEST_STEP][PASSED] - click(findTestObject("Object Repository/Login HRM/button_Login")): Object: 'Object Repository/Login HRM/button_Login' is clicked on

2023-12-14 13:57:26 - [MESSAGE][PASSED] - Object: 'Object Repository/Login HRM/button_Login' is clicked on

2023-12-14 13:57:26 - [TEST_STEP][PASSED] - delay(5): Delayed 5 second(s)

2023-12-14 13:57:31 - [MESSAGE][PASSED] - Delayed 5 second(s)

2023-12-14 13:57:31 - [MESSAGE][PASSED] - Call Test Case 'Test Cases/Login/Login' successfully

2023-12-14 13:57:31 - [MESSAGE][PASSED] - custom.auth.checkAuthL is PASSED

2023-12-14 13:57:31 - [TEST_STEP][PASSED] - click(findTestObject("Object Repository/Page_OrangeHRM/a_Time")): Object: 'Object Repository/Page_OrangeHRM/a_Time' is clicked on

2023-12-14 13:57:42 - [MESSAGE][PASSED] - Object: 'Object Repository/Page_OrangeHRM/a_Time' is clicked on

2023-12-14 13:57:42 - [TEST_STEP][PASSED] - setText(findTestObject("Object Repository/Page_OrangeHRM/input_Username_username"), "smith"): Text 'smith' is set on object 'Object Repository/Page_OrangeHRM/input_Username_username'

2023-12-14 13:57:46 - [MESSAGE][PASSED] - Text 'smith' is set on object 'Object Repository/Page_OrangeHRM/input_Username_username'

2023-12-14 13:57:46 - [TEST_STEP][PASSED] - click(findTestObject("Object Repository/Page_OrangeHRM/div_View")): Object: 'Object Repository/Page_OrangeHRM/div_View' is clicked on

2023-12-14 13:57:47 - [MESSAGE][PASSED] - Object: 'Object Repository/Page_OrangeHRM/div_View' is clicked on

2023-12-14 13:57:47 - [TEST_STEP][PASSED] - click(findTestObject("Object Repository/Page_OrangeHRM/button_View")): Object: 'Object Repository/Page_OrangeHRM/button_View' is clicked on

2023-12-14 13:57:48 - [MESSAGE][PASSED] - Object: 'Object Repository/Page_OrangeHRM/button_View' is clicked on]]></system-out>
         <system-err><![CDATA[]]></system-err>
      </testcase>
      <testcase name="Test Cases/Login/Logout" time="5.466" classname="Test Cases/Login/Logout" status="PASSED">
         <system-out><![CDATA[2023-12-14 13:57:48 - [TEST_CASE][PASSED] - Test Cases/Login/Logout: Test Cases/Login/Logout

2023-12-14 13:57:49 - [TEST_STEP][PASSED] - custom.auth.checkAuthL(): custom.auth.checkAuthL is PASSED

2023-12-14 13:57:49 - [MESSAGE][PASSED] - custom.auth.checkAuthL is PASSED

2023-12-14 13:57:49 - [TEST_STEP][PASSED] - click(findTestObject("Object Repository/Page_OrangeHRM/span_Paul Collings")): Object: 'Object Repository/Page_OrangeHRM/span_Paul Collings' is clicked on

2023-12-14 13:57:52 - [MESSAGE][PASSED] - Object: 'Object Repository/Page_OrangeHRM/span_Paul Collings' is clicked on

2023-12-14 13:57:52 - [TEST_STEP][PASSED] - click(findTestObject("Object Repository/Page_OrangeHRM/a_Logout")): Object: 'Object Repository/Page_OrangeHRM/a_Logout' is clicked on

2023-12-14 13:57:54 - [MESSAGE][PASSED] - Object: 'Object Repository/Page_OrangeHRM/a_Logout' is clicked on

2023-12-14 13:57:54 - [TEST_STEP][PASSED] - closeBrowser(): Browser is closed

2023-12-14 13:57:54 - [MESSAGE][PASSED] - Browser is closed]]></system-out>
         <system-err><![CDATA[]]></system-err>
      </testcase>
      <system-out><![CDATA[2023-12-14 13:56:41 - [TEST_SUITE][PASSED] - SC - Detail Employee: Test Cases/Login/Logout]]></system-out>
      <system-err><![CDATA[]]></system-err>
   </testsuite>
</testsuites>
